<?xml version="1.0" encoding="UTF-8"?>
<testsuite xmlns:xsi="http://www.w3.org/2001/XMLSchema-instance" xsi:noNamespaceSchemaLocation="https://maven.apache.org/surefire/maven-surefire-plugin/xsd/surefire-test-report-3.0.xsd" version="3.0" name="br.lpm.CalculadoraTest" time="0.065" tests="5" errors="0" skipped="0" failures="0">
  <properties>
    <property name="java.specification.version" value="23"/>
    <property name="sun.cpu.isalist" value="amd64"/>
    <property name="sun.jnu.encoding" value="Cp1252"/>
    <property name="java.class.path" value="c:\Users\1537827\Documents\lpm\meaven-build-tool\target\test-classes;c:\Users\1537827\Documents\lpm\meaven-build-tool\target\classes;C:\Users\1537827\.m2\repository\org\junit\jupiter\junit-jupiter-api\5.12.0-M1\junit-jupiter-api-5.12.0-M1.jar;C:\Users\1537827\.m2\repository\org\opentest4j\opentest4j\1.3.0\opentest4j-1.3.0.jar;C:\Users\1537827\.m2\repository\org\junit\platform\junit-platform-commons\1.12.0-M1\junit-platform-commons-1.12.0-M1.jar;C:\Users\1537827\.m2\repository\org\apiguardian\apiguardian-api\1.1.2\apiguardian-api-1.1.2.jar;C:\Users\1537827\.m2\repository\org\junit\jupiter\junit-jupiter-engine\5.12.0-M1\junit-jupiter-engine-5.12.0-M1.jar;C:\Users\1537827\.m2\repository\org\junit\platform\junit-platform-engine\1.12.0-M1\junit-platform-engine-1.12.0-M1.jar;"/>
    <property name="java.vm.vendor" value="Azul Systems, Inc."/>
    <property name="sun.arch.data.model" value="64"/>
    <property name="user.variant" value=""/>
    <property name="java.vendor.url" value="http://www.azul.com/"/>
    <property name="user.timezone" value="America/Sao_Paulo"/>
    <property name="os.name" value="Windows 10"/>
    <property name="java.vm.specification.version" value="23"/>
    <property name="sun.java.launcher" value="SUN_STANDARD"/>
    <property name="user.country" value="BR"/>
    <property name="sun.boot.library.path" value="C:\Program Files\Zulu\zulu-23\bin"/>
    <property name="sun.java.command" value="C:\Users\1537827\AppData\Local\Temp\surefire8505090684915783903\surefirebooter-20250204122407955_3.jar C:\Users\1537827\AppData\Local\Temp\surefire8505090684915783903 2025-02-04T12-24-07_822-jvmRun1 surefire-20250204122407955_1tmp surefire_0-20250204122407955_2tmp"/>
    <property name="jdk.debug" value="release"/>
    <property name="surefire.test.class.path" value="c:\Users\1537827\Documents\lpm\meaven-build-tool\target\test-classes;c:\Users\1537827\Documents\lpm\meaven-build-tool\target\classes;C:\Users\1537827\.m2\repository\org\junit\jupiter\junit-jupiter-api\5.12.0-M1\junit-jupiter-api-5.12.0-M1.jar;C:\Users\1537827\.m2\repository\org\opentest4j\opentest4j\1.3.0\opentest4j-1.3.0.jar;C:\Users\1537827\.m2\repository\org\junit\platform\junit-platform-commons\1.12.0-M1\junit-platform-commons-1.12.0-M1.jar;C:\Users\1537827\.m2\repository\org\apiguardian\apiguardian-api\1.1.2\apiguardian-api-1.1.2.jar;C:\Users\1537827\.m2\repository\org\junit\jupiter\junit-jupiter-engine\5.12.0-M1\junit-jupiter-engine-5.12.0-M1.jar;C:\Users\1537827\.m2\repository\org\junit\platform\junit-platform-engine\1.12.0-M1\junit-platform-engine-1.12.0-M1.jar;"/>
    <property name="sun.cpu.endian" value="little"/>
    <property name="user.home" value="C:\Users\1537827"/>
    <property name="user.language" value="pt"/>
    <property name="java.specification.vendor" value="Oracle Corporation"/>
    <property name="java.version.date" value="2024-10-15"/>
    <property name="java.home" value="C:\Program Files\Zulu\zulu-23"/>
    <property name="file.separator" value="\"/>
    <property name="basedir" value="c:\Users\1537827\Documents\lpm\meaven-build-tool"/>
    <property name="java.vm.compressedOopsMode" value="Zero based"/>
    <property name="line.separator" value="&#10;"/>
    <property name="java.vm.specification.vendor" value="Oracle Corporation"/>
    <property name="java.specification.name" value="Java Platform API Specification"/>
    <property name="surefire.real.class.path" value="C:\Users\1537827\AppData\Local\Temp\surefire8505090684915783903\surefirebooter-20250204122407955_3.jar"/>
    <property name="user.script" value=""/>
    <property name="sun.management.compiler" value="HotSpot 64-Bit Tiered Compilers"/>
    <property name="java.runtime.version" value="23.0.1+11"/>
    <property name="user.name" value="1537827"/>
    <property name="stdout.encoding" value="Cp1252"/>
    <property name="path.separator" value=";"/>
    <property name="os.version" value="10.0"/>
    <property name="java.runtime.name" value="OpenJDK Runtime Environment"/>
    <property name="file.encoding" value="UTF-8"/>
    <property name="java.vm.name" value="OpenJDK 64-Bit Server VM"/>
    <property name="java.vendor.version" value="Zulu23.30+13-CA"/>
    <property name="localRepository" value="C:\Users\1537827\.m2\repository"/>
    <property name="java.vendor.url.bug" value="http://www.azul.com/support/"/>
    <property name="java.io.tmpdir" value="C:\Users\1537827\AppData\Local\Temp\"/>
    <property name="java.version" value="23.0.1"/>
    <property name="user.dir" value="c:\Users\1537827\Documents\lpm\meaven-build-tool"/>
    <property name="os.arch" value="amd64"/>
    <property name="java.vm.specification.name" value="Java Virtual Machine Specification"/>
    <property name="sun.os.patch.level" value=""/>
    <property name="native.encoding" value="Cp1252"/>
    <property name="java.library.path" value="C:\Program Files\Zulu\zulu-23\bin;C:\Windows\Sun\Java\bin;C:\Windows\system32;C:\Windows;C:\Program Files\Python313\Scripts\;C:\Program Files\Python313\;C:\Program Files\Zulu\zulu-23\bin\;C:\Windows\system32;C:\Windows;C:\Windows\System32\Wbem;C:\Windows\System32\WindowsPowerShell\v1.0\;C:\Windows\System32\OpenSSH\;C:\Program Files (x86)\QuickTime\QTSystem\;C:\Program Files\PuTTY\;C:\Program Files\dotnet\;C:\Program Files (x86)\Windows Kits\10\Windows Performance Toolkit\;C:\Program Files\Microsoft VS Code\bin;C:\Git\git-bash;C:\Program Files\nodejs\;C:\MinGW\bin;C:\Dev\Microsoft VS Code\bin;C:\Dev\android_sdk\cmdline-tools\tools\bin;C:\Dev\flutter\bin;C:\Dev\android_sdk\emulator;C:\Dev\android_sdk\platform-tools;C:\Dev\android_sdk\system-images;C:\Program Files\Python313\Scripts\;C:\Program Files\Python313\;C:\Program Files\Zulu\zulu-23\bin\;C:\Windows\system32;C:\Windows;C:\Windows\System32\Wbem;C:\Windows\System32\WindowsPowerShell\v1.0\;C:\Windows\System32\OpenSSH\;C:\Program Files (x86)\QuickTime\QTSystem\;C:\Program Files\PuTTY\;C:\Program Files\dotnet\;C:\Program Files (x86)\Windows Kits\10\Windows Performance Toolkit\;C:\Program Files\Microsoft VS Code\bin;C:\Git\git-bash;C:\Program Files\nodejs\;C:\MinGW\bin;C:\Dev\Microsoft VS Code\bin;C:\Dev\android_sdk\cmdline-tools\tools\bin;C:\Dev\flutter\bin;C:\Dev\android_sdk\emulator;C:\Dev\android_sdk\platform-tools;C:\Dev\android_sdk\system-images;C:\Users\1537827\AppData\Local\Microsoft\WindowsApps;;C:\Users\1537827\Documents\apache-maven\bin;."/>
    <property name="java.vm.info" value="mixed mode, sharing"/>
    <property name="stderr.encoding" value="Cp1252"/>
    <property name="java.vendor" value="Azul Systems, Inc."/>
    <property name="java.vm.version" value="23.0.1+11"/>
    <property name="sun.io.unicode.encoding" value="UnicodeLittle"/>
    <property name="java.class.version" value="67.0"/>
  </properties>
  <testcase name="testSubtrair" classname="br.lpm.CalculadoraTest" time="0.026"/>
  <testcase name="testSomar" classname="br.lpm.CalculadoraTest" time="0.001"/>
  <testcase name="testMultiplicar" classname="br.lpm.CalculadoraTest" time="0.002"/>
  <testcase name="testDividirPorZero" classname="br.lpm.CalculadoraTest" time="0.002"/>
  <testcase name="testDividir" classname="br.lpm.CalculadoraTest" time="0.001"/>
</testsuite>